<?xml version="1.0" encoding="UTF-8"?>
<!DOCTYPE coverage SYSTEM "https://raw.githubusercontent.com/cobertura/cobertura/master/cobertura/src/site/htdocs/xml/coverage-04.dtd">
<coverage line-rate="0.621905161561057" branch-rate="0" lines-covered="1482" lines-valid="2383" branches-covered="0" branches-valid="0" complexity="0" version="3.6.4" timestamp="2025-02-19 16:36:17.671379">
  <sources>
    <source>C:/Users/idaen/Documents/eat/eatPrep</source>
  </sources>
  <packages>
    <package name="eatPrep" line-rate="0.621905161561057" branch-rate="0" complexity="0">
      <classes>
        <class name="aggregateData.R" filename="R/aggregateData.R" line-rate="0.707317073170732" branch-rate="0" complexity="0">
          <methods>
            <method name="makeInputAggregateData" signature="" line-rate="0.818181818181818" branch-rate="0" complexity="0">
              <lines>
                <line number="3" hits="7" branch="false"/>
                <line number="4" hits="7" branch="false"/>
                <line number="5" hits="0" branch="false"/>
                <line number="6" hits="7" branch="false"/>
                <line number="7" hits="7" branch="false"/>
                <line number="9" hits="0" branch="false"/>
                <line number="11" hits="7" branch="false"/>
                <line number="12" hits="7" branch="false"/>
                <line number="13" hits="7" branch="false"/>
                <line number="14" hits="7" branch="false"/>
                <line number="16" hits="7" branch="false"/>
              </lines>
            </method>
            <method name="aggregateData" signature="" line-rate="0.686567164179104" branch-rate="0" complexity="0">
              <lines>
                <line number="24" hits="7" branch="false"/>
                <line number="25" hits="7" branch="false"/>
                <line number="27" hits="7" branch="false"/>
                <line number="28" hits="0" branch="false"/>
                <line number="29" hits="0" branch="false"/>
                <line number="30" hits="0" branch="false"/>
                <line number="35" hits="7" branch="false"/>
                <line number="36" hits="0" branch="false"/>
                <line number="39" hits="7" branch="false"/>
                <line number="40" hits="0" branch="false"/>
                <line number="41" hits="0" branch="false"/>
                <line number="42" hits="0" branch="false"/>
                <line number="43" hits="0" branch="false"/>
                <line number="44" hits="0" branch="false"/>
                <line number="45" hits="0" branch="false"/>
                <line number="46" hits="0" branch="false"/>
                <line number="47" hits="0" branch="false"/>
                <line number="48" hits="0" branch="false"/>
                <line number="49" hits="0" branch="false"/>
                <line number="51" hits="0" branch="false"/>
                <line number="52" hits="0" branch="false"/>
                <line number="53" hits="0" branch="false"/>
                <line number="56" hits="7" branch="false"/>
                <line number="57" hits="4" branch="false"/>
                <line number="58" hits="4" branch="false"/>
                <line number="59" hits="4" branch="false"/>
                <line number="60" hits="4" branch="false"/>
                <line number="63" hits="7" branch="false"/>
                <line number="64" hits="3" branch="false"/>
                <line number="67" hits="7" branch="false"/>
                <line number="68" hits="0" branch="false"/>
                <line number="72" hits="7" branch="false"/>
                <line number="73" hits="7" branch="false"/>
                <line number="74" hits="7" branch="false"/>
                <line number="75" hits="4" branch="false"/>
                <line number="79" hits="7" branch="false"/>
                <line number="80" hits="2" branch="false"/>
                <line number="84" hits="7" branch="false"/>
                <line number="85" hits="7" branch="false"/>
                <line number="86" hits="7" branch="false"/>
                <line number="88" hits="7" branch="false"/>
                <line number="91" hits="7" branch="false"/>
                <line number="92" hits="7" branch="false"/>
                <line number="93" hits="7" branch="false"/>
                <line number="96" hits="7" branch="false"/>
                <line number="99" hits="7" branch="false"/>
                <line number="100" hits="7" branch="false"/>
                <line number="102" hits="7" branch="false"/>
                <line number="103" hits="2" branch="false"/>
                <line number="106" hits="5" branch="false"/>
                <line number="107" hits="4" branch="false"/>
                <line number="108" hits="4" branch="false"/>
                <line number="109" hits="4" branch="false"/>
                <line number="110" hits="4" branch="false"/>
                <line number="111" hits="4" branch="false"/>
                <line number="112" hits="0" branch="false"/>
                <line number="113" hits="0" branch="false"/>
                <line number="114" hits="0" branch="false"/>
                <line number="115" hits="4" branch="false"/>
                <line number="117" hits="2" branch="false"/>
                <line number="123" hits="5" branch="false"/>
                <line number="124" hits="5" branch="false"/>
                <line number="126" hits="5" branch="false"/>
                <line number="127" hits="5" branch="false"/>
                <line number="129" hits="5" branch="false"/>
                <line number="130" hits="5" branch="false"/>
                <line number="133" hits="5" branch="false"/>
              </lines>
            </method>
            <method name="aggregateData.aggregate" signature="" line-rate="0.628571428571429" branch-rate="0" complexity="0">
              <lines>
                <line number="142" hits="5" branch="false"/>
                <line number="143" hits="5" branch="false"/>
                <line number="144" hits="5" branch="false"/>
                <line number="145" hits="5" branch="false"/>
                <line number="146" hits="0" branch="false"/>
                <line number="147" hits="0" branch="false"/>
                <line number="156" hits="5" branch="false"/>
                <line number="158" hits="0" branch="false"/>
                <line number="159" hits="0" branch="false"/>
                <line number="162" hits="5" branch="false"/>
                <line number="174" hits="5" branch="false"/>
                <line number="175" hits="0" branch="false"/>
                <line number="178" hits="5" branch="false"/>
                <line number="181" hits="5" branch="false"/>
                <line number="182" hits="0" branch="false"/>
                <line number="183" hits="0" branch="false"/>
                <line number="186" hits="5" branch="false"/>
                <line number="187" hits="5" branch="false"/>
                <line number="189" hits="5" branch="false"/>
                <line number="190" hits="0" branch="false"/>
                <line number="191" hits="0" branch="false"/>
                <line number="192" hits="0" branch="false"/>
                <line number="193" hits="0" branch="false"/>
                <line number="194" hits="0" branch="false"/>
                <line number="199" hits="5" branch="false"/>
                <line number="201" hits="5" branch="false"/>
                <line number="202" hits="5" branch="false"/>
                <line number="203" hits="5" branch="false"/>
                <line number="204" hits="5" branch="false"/>
                <line number="205" hits="5" branch="false"/>
                <line number="207" hits="5" branch="false"/>
                <line number="208" hits="0" branch="false"/>
                <line number="209" hits="5" branch="false"/>
                <line number="212" hits="5" branch="false"/>
                <line number="213" hits="5" branch="false"/>
              </lines>
            </method>
            <method name=".makeMissingind" signature="" line-rate="1" branch-rate="0" complexity="0">
              <lines>
                <line number="221" hits="5" branch="false"/>
                <line number="222" hits="5" branch="false"/>
                <line number="224" hits="5" branch="false"/>
                <line number="225" hits="15" branch="false"/>
                <line number="227" hits="5" branch="false"/>
              </lines>
            </method>
            <method name=".aggmiss" signature="" line-rate="1" branch-rate="0" complexity="0">
              <lines>
                <line number="235" hits="15" branch="false"/>
                <line number="236" hits="15" branch="false"/>
                <line number="237" hits="15" branch="false"/>
                <line number="238" hits="15" branch="false"/>
                <line number="239" hits="15" branch="false"/>
              </lines>
            </method>
          </methods>
          <lines>
            <line number="3" hits="7" branch="false"/>
            <line number="4" hits="7" branch="false"/>
            <line number="5" hits="0" branch="false"/>
            <line number="6" hits="7" branch="false"/>
            <line number="7" hits="7" branch="false"/>
            <line number="9" hits="0" branch="false"/>
            <line number="11" hits="7" branch="false"/>
            <line number="12" hits="7" branch="false"/>
            <line number="13" hits="7" branch="false"/>
            <line number="14" hits="7" branch="false"/>
            <line number="16" hits="7" branch="false"/>
            <line number="24" hits="7" branch="false"/>
            <line number="25" hits="7" branch="false"/>
            <line number="27" hits="7" branch="false"/>
            <line number="28" hits="0" branch="false"/>
            <line number="29" hits="0" branch="false"/>
            <line number="30" hits="0" branch="false"/>
            <line number="35" hits="7" branch="false"/>
            <line number="36" hits="0" branch="false"/>
            <line number="39" hits="7" branch="false"/>
            <line number="40" hits="0" branch="false"/>
            <line number="41" hits="0" branch="false"/>
            <line number="42" hits="0" branch="false"/>
            <line number="43" hits="0" branch="false"/>
            <line number="44" hits="0" branch="false"/>
            <line number="45" hits="0" branch="false"/>
            <line number="46" hits="0" branch="false"/>
            <line number="47" hits="0" branch="false"/>
            <line number="48" hits="0" branch="false"/>
            <line number="49" hits="0" branch="false"/>
            <line number="51" hits="0" branch="false"/>
            <line number="52" hits="0" branch="false"/>
            <line number="53" hits="0" branch="false"/>
            <line number="56" hits="7" branch="false"/>
            <line number="57" hits="4" branch="false"/>
            <line number="58" hits="4" branch="false"/>
            <line number="59" hits="4" branch="false"/>
            <line number="60" hits="4" branch="false"/>
            <line number="63" hits="7" branch="false"/>
            <line number="64" hits="3" branch="false"/>
            <line number="67" hits="7" branch="false"/>
            <line number="68" hits="0" branch="false"/>
            <line number="72" hits="7" branch="false"/>
            <line number="73" hits="7" branch="false"/>
            <line number="74" hits="7" branch="false"/>
            <line number="75" hits="4" branch="false"/>
            <line number="79" hits="7" branch="false"/>
            <line number="80" hits="2" branch="false"/>
            <line number="84" hits="7" branch="false"/>
            <line number="85" hits="7" branch="false"/>
            <line number="86" hits="7" branch="false"/>
            <line number="88" hits="7" branch="false"/>
            <line number="91" hits="7" branch="false"/>
            <line number="92" hits="7" branch="false"/>
            <line number="93" hits="7" branch="false"/>
            <line number="96" hits="7" branch="false"/>
            <line number="99" hits="7" branch="false"/>
            <line number="100" hits="7" branch="false"/>
            <line number="102" hits="7" branch="false"/>
            <line number="103" hits="2" branch="false"/>
            <line number="106" hits="5" branch="false"/>
            <line number="107" hits="4" branch="false"/>
            <line number="108" hits="4" branch="false"/>
            <line number="109" hits="4" branch="false"/>
            <line number="110" hits="4" branch="false"/>
            <line number="111" hits="4" branch="false"/>
            <line number="112" hits="0" branch="false"/>
            <line number="113" hits="0" branch="false"/>
            <line number="114" hits="0" branch="false"/>
            <line number="115" hits="4" branch="false"/>
            <line number="117" hits="2" branch="false"/>
            <line number="123" hits="5" branch="false"/>
            <line number="124" hits="5" branch="false"/>
            <line number="126" hits="5" branch="false"/>
            <line number="127" hits="5" branch="false"/>
            <line number="129" hits="5" branch="false"/>
            <line number="130" hits="5" branch="false"/>
            <line number="133" hits="5" branch="false"/>
            <line number="142" hits="5" branch="false"/>
            <line number="143" hits="5" branch="false"/>
            <line number="144" hits="5" branch="false"/>
            <line number="145" hits="5" branch="false"/>
            <line number="146" hits="0" branch="false"/>
            <line number="147" hits="0" branch="false"/>
            <line number="156" hits="5" branch="false"/>
            <line number="158" hits="0" branch="false"/>
            <line number="159" hits="0" branch="false"/>
            <line number="162" hits="5" branch="false"/>
            <line number="174" hits="5" branch="false"/>
            <line number="175" hits="0" branch="false"/>
            <line number="178" hits="5" branch="false"/>
            <line number="181" hits="5" branch="false"/>
            <line number="182" hits="0" branch="false"/>
            <line number="183" hits="0" branch="false"/>
            <line number="186" hits="5" branch="false"/>
            <line number="187" hits="5" branch="false"/>
            <line number="189" hits="5" branch="false"/>
            <line number="190" hits="0" branch="false"/>
            <line number="191" hits="0" branch="false"/>
            <line number="192" hits="0" branch="false"/>
            <line number="193" hits="0" branch="false"/>
            <line number="194" hits="0" branch="false"/>
            <line number="199" hits="5" branch="false"/>
            <line number="201" hits="5" branch="false"/>
            <line number="202" hits="5" branch="false"/>
            <line number="203" hits="5" branch="false"/>
            <line number="204" hits="5" branch="false"/>
            <line number="205" hits="5" branch="false"/>
            <line number="207" hits="5" branch="false"/>
            <line number="208" hits="0" branch="false"/>
            <line number="209" hits="5" branch="false"/>
            <line number="212" hits="5" branch="false"/>
            <line number="213" hits="5" branch="false"/>
            <line number="221" hits="5" branch="false"/>
            <line number="222" hits="5" branch="false"/>
            <line number="224" hits="5" branch="false"/>
            <line number="225" hits="15" branch="false"/>
            <line number="227" hits="5" branch="false"/>
            <line number="235" hits="15" branch="false"/>
            <line number="236" hits="15" branch="false"/>
            <line number="237" hits="15" branch="false"/>
            <line number="238" hits="15" branch="false"/>
            <line number="239" hits="15" branch="false"/>
          </lines>
        </class>
        <class name="automateDataPreparation.R" filename="R/automateDataPreparation.R" line-rate="0.852459016393443" branch-rate="0" complexity="0">
          <methods>
            <method name="automateDataPreparation" signature="" line-rate="0.852459016393443" branch-rate="0" complexity="0">
              <lines>
                <line number="11" hits="17" branch="false"/>
                <line number="12" hits="10" branch="false"/>
                <line number="14" hits="7" branch="false"/>
                <line number="15" hits="17" branch="false"/>
                <line number="16" hits="17" branch="false"/>
                <line number="17" hits="17" branch="false"/>
                <line number="18" hits="17" branch="false"/>
                <line number="19" hits="17" branch="false"/>
                <line number="20" hits="17" branch="false"/>
                <line number="21" hits="17" branch="false"/>
                <line number="22" hits="17" branch="false"/>
                <line number="23" hits="17" branch="false"/>
                <line number="25" hits="17" branch="false"/>
                <line number="26" hits="17" branch="false"/>
                <line number="27" hits="17" branch="false"/>
                <line number="30" hits="17" branch="false"/>
                <line number="31" hits="6" branch="false"/>
                <line number="32" hits="17" branch="false"/>
                <line number="33" hits="11" branch="false"/>
                <line number="34" hits="17" branch="false"/>
                <line number="37" hits="17" branch="false"/>
                <line number="40" hits="17" branch="false"/>
                <line number="41" hits="17" branch="false"/>
                <line number="42" hits="2" branch="false"/>
                <line number="43" hits="2" branch="false"/>
                <line number="44" hits="17" branch="false"/>
                <line number="46" hits="17" branch="false"/>
                <line number="47" hits="6" branch="false"/>
                <line number="48" hits="6" branch="false"/>
                <line number="49" hits="5" branch="false"/>
                <line number="50" hits="5" branch="false"/>
                <line number="51" hits="0" branch="false"/>
                <line number="52" hits="5" branch="false"/>
                <line number="53" hits="5" branch="false"/>
                <line number="54" hits="5" branch="false"/>
                <line number="55" hits="5" branch="false"/>
                <line number="56" hits="6" branch="false"/>
                <line number="57" hits="17" branch="false"/>
                <line number="58" hits="11" branch="false"/>
                <line number="59" hits="11" branch="false"/>
                <line number="60" hits="1" branch="false"/>
                <line number="61" hits="1" branch="false"/>
                <line number="62" hits="1" branch="false"/>
                <line number="63" hits="11" branch="false"/>
                <line number="64" hits="11" branch="false"/>
                <line number="65" hits="11" branch="false"/>
                <line number="66" hits="17" branch="false"/>
                <line number="69" hits="17" branch="false"/>
                <line number="70" hits="6" branch="false"/>
                <line number="71" hits="6" branch="false"/>
                <line number="72" hits="0" branch="false"/>
                <line number="73" hits="6" branch="false"/>
                <line number="75" hits="6" branch="false"/>
                <line number="77" hits="5" branch="false"/>
                <line number="78" hits="1" branch="false"/>
                <line number="79" hits="4" branch="false"/>
                <line number="80" hits="4" branch="false"/>
                <line number="81" hits="6" branch="false"/>
                <line number="82" hits="1" branch="false"/>
                <line number="83" hits="1" branch="false"/>
                <line number="84" hits="1" branch="false"/>
                <line number="85" hits="1" branch="false"/>
                <line number="86" hits="1" branch="false"/>
                <line number="87" hits="1" branch="false"/>
                <line number="88" hits="0" branch="false"/>
                <line number="89" hits="6" branch="false"/>
                <line number="90" hits="4" branch="false"/>
                <line number="91" hits="4" branch="false"/>
                <line number="92" hits="4" branch="false"/>
                <line number="93" hits="4" branch="false"/>
                <line number="94" hits="17" branch="false"/>
                <line number="97" hits="15" branch="false"/>
                <line number="98" hits="15" branch="false"/>
                <line number="99" hits="12" branch="false"/>
                <line number="100" hits="0" branch="false"/>
                <line number="101" hits="15" branch="false"/>
                <line number="103" hits="13" branch="false"/>
                <line number="104" hits="6" branch="false"/>
                <line number="105" hits="6" branch="false"/>
                <line number="106" hits="6" branch="false"/>
                <line number="107" hits="7" branch="false"/>
                <line number="109" hits="13" branch="false"/>
                <line number="110" hits="8" branch="false"/>
                <line number="111" hits="8" branch="false"/>
                <line number="112" hits="7" branch="false"/>
                <line number="113" hits="0" branch="false"/>
                <line number="114" hits="7" branch="false"/>
                <line number="115" hits="7" branch="false"/>
                <line number="116" hits="7" branch="false"/>
                <line number="117" hits="8" branch="false"/>
                <line number="118" hits="8" branch="false"/>
                <line number="119" hits="8" branch="false"/>
                <line number="120" hits="8" branch="false"/>
                <line number="121" hits="13" branch="false"/>
                <line number="122" hits="5" branch="false"/>
                <line number="123" hits="5" branch="false"/>
                <line number="124" hits="2" branch="false"/>
                <line number="125" hits="2" branch="false"/>
                <line number="126" hits="2" branch="false"/>
                <line number="127" hits="5" branch="false"/>
                <line number="128" hits="5" branch="false"/>
                <line number="129" hits="3" branch="false"/>
                <line number="130" hits="3" branch="false"/>
                <line number="131" hits="5" branch="false"/>
                <line number="132" hits="2" branch="false"/>
                <line number="133" hits="5" branch="false"/>
                <line number="134" hits="13" branch="false"/>
                <line number="136" hits="13" branch="false"/>
                <line number="137" hits="7" branch="false"/>
                <line number="138" hits="7" branch="false"/>
                <line number="139" hits="7" branch="false"/>
                <line number="140" hits="7" branch="false"/>
                <line number="141" hits="7" branch="false"/>
                <line number="142" hits="0" branch="false"/>
                <line number="143" hits="7" branch="false"/>
                <line number="144" hits="7" branch="false"/>
                <line number="145" hits="13" branch="false"/>
                <line number="146" hits="6" branch="false"/>
                <line number="147" hits="13" branch="false"/>
                <line number="149" hits="13" branch="false"/>
                <line number="150" hits="1" branch="false"/>
                <line number="151" hits="1" branch="false"/>
                <line number="152" hits="1" branch="false"/>
                <line number="153" hits="1" branch="false"/>
                <line number="154" hits="0" branch="false"/>
                <line number="155" hits="0" branch="false"/>
                <line number="156" hits="0" branch="false"/>
                <line number="157" hits="0" branch="false"/>
                <line number="158" hits="0" branch="false"/>
                <line number="159" hits="0" branch="false"/>
                <line number="160" hits="0" branch="false"/>
                <line number="161" hits="1" branch="false"/>
                <line number="163" hits="1" branch="false"/>
                <line number="164" hits="0" branch="false"/>
                <line number="165" hits="1" branch="false"/>
                <line number="167" hits="1" branch="false"/>
                <line number="169" hits="1" branch="false"/>
                <line number="170" hits="1" branch="false"/>
                <line number="171" hits="1" branch="false"/>
                <line number="172" hits="1" branch="false"/>
                <line number="173" hits="1" branch="false"/>
                <line number="176" hits="13" branch="false"/>
                <line number="177" hits="12" branch="false"/>
                <line number="178" hits="13" branch="false"/>
                <line number="181" hits="13" branch="false"/>
                <line number="182" hits="4" branch="false"/>
                <line number="185" hits="4" branch="false"/>
                <line number="186" hits="4" branch="false"/>
                <line number="194" hits="4" branch="false"/>
                <line number="195" hits="4" branch="false"/>
                <line number="196" hits="4" branch="false"/>
                <line number="197" hits="4" branch="false"/>
                <line number="198" hits="13" branch="false"/>
                <line number="199" hits="9" branch="false"/>
                <line number="200" hits="13" branch="false"/>
                <line number="202" hits="13" branch="false"/>
                <line number="203" hits="4" branch="false"/>
                <line number="204" hits="4" branch="false"/>
                <line number="205" hits="13" branch="false"/>
                <line number="206" hits="9" branch="false"/>
                <line number="207" hits="13" branch="false"/>
                <line number="209" hits="13" branch="false"/>
                <line number="210" hits="0" branch="false"/>
                <line number="211" hits="0" branch="false"/>
                <line number="212" hits="0" branch="false"/>
                <line number="213" hits="0" branch="false"/>
                <line number="214" hits="0" branch="false"/>
                <line number="215" hits="0" branch="false"/>
                <line number="216" hits="0" branch="false"/>
                <line number="217" hits="0" branch="false"/>
                <line number="218" hits="0" branch="false"/>
                <line number="219" hits="0" branch="false"/>
                <line number="220" hits="0" branch="false"/>
                <line number="221" hits="13" branch="false"/>
                <line number="222" hits="13" branch="false"/>
                <line number="224" hits="13" branch="false"/>
                <line number="225" hits="0" branch="false"/>
                <line number="226" hits="0" branch="false"/>
                <line number="227" hits="13" branch="false"/>
                <line number="228" hits="13" branch="false"/>
                <line number="229" hits="13" branch="false"/>
                <line number="232" hits="13" branch="false"/>
                <line number="234" hits="13" branch="false"/>
              </lines>
            </method>
          </methods>
          <lines>
            <line number="11" hits="17" branch="false"/>
            <line number="12" hits="10" branch="false"/>
            <line number="14" hits="7" branch="false"/>
            <line number="15" hits="17" branch="false"/>
            <line number="16" hits="17" branch="false"/>
            <line number="17" hits="17" branch="false"/>
            <line number="18" hits="17" branch="false"/>
            <line number="19" hits="17" branch="false"/>
            <line number="20" hits="17" branch="false"/>
            <line number="21" hits="17" branch="false"/>
            <line number="22" hits="17" branch="false"/>
            <line number="23" hits="17" branch="false"/>
            <line number="25" hits="17" branch="false"/>
            <line number="26" hits="17" branch="false"/>
            <line number="27" hits="17" branch="false"/>
            <line number="30" hits="17" branch="false"/>
            <line number="31" hits="6" branch="false"/>
            <line number="32" hits="17" branch="false"/>
            <line number="33" hits="11" branch="false"/>
            <line number="34" hits="17" branch="false"/>
            <line number="37" hits="17" branch="false"/>
            <line number="40" hits="17" branch="false"/>
            <line number="41" hits="17" branch="false"/>
            <line number="42" hits="2" branch="false"/>
            <line number="43" hits="2" branch="false"/>
            <line number="44" hits="17" branch="false"/>
            <line number="46" hits="17" branch="false"/>
            <line number="47" hits="6" branch="false"/>
            <line number="48" hits="6" branch="false"/>
            <line number="49" hits="5" branch="false"/>
            <line number="50" hits="5" branch="false"/>
            <line number="51" hits="0" branch="false"/>
            <line number="52" hits="5" branch="false"/>
            <line number="53" hits="5" branch="false"/>
            <line number="54" hits="5" branch="false"/>
            <line number="55" hits="5" branch="false"/>
            <line number="56" hits="6" branch="false"/>
            <line number="57" hits="17" branch="false"/>
            <line number="58" hits="11" branch="false"/>
            <line number="59" hits="11" branch="false"/>
            <line number="60" hits="1" branch="false"/>
            <line number="61" hits="1" branch="false"/>
            <line number="62" hits="1" branch="false"/>
            <line number="63" hits="11" branch="false"/>
            <line number="64" hits="11" branch="false"/>
            <line number="65" hits="11" branch="false"/>
            <line number="66" hits="17" branch="false"/>
            <line number="69" hits="17" branch="false"/>
            <line number="70" hits="6" branch="false"/>
            <line number="71" hits="6" branch="false"/>
            <line number="72" hits="0" branch="false"/>
            <line number="73" hits="6" branch="false"/>
            <line number="75" hits="6" branch="false"/>
            <line number="77" hits="5" branch="false"/>
            <line number="78" hits="1" branch="false"/>
            <line number="79" hits="4" branch="false"/>
            <line number="80" hits="4" branch="false"/>
            <line number="81" hits="6" branch="false"/>
            <line number="82" hits="1" branch="false"/>
            <line number="83" hits="1" branch="false"/>
            <line number="84" hits="1" branch="false"/>
            <line number="85" hits="1" branch="false"/>
            <line number="86" hits="1" branch="false"/>
            <line number="87" hits="1" branch="false"/>
            <line number="88" hits="0" branch="false"/>
            <line number="89" hits="6" branch="false"/>
            <line number="90" hits="4" branch="false"/>
            <line number="91" hits="4" branch="false"/>
            <line number="92" hits="4" branch="false"/>
            <line number="93" hits="4" branch="false"/>
            <line number="94" hits="17" branch="false"/>
            <line number="97" hits="15" branch="false"/>
            <line number="98" hits="15" branch="false"/>
            <line number="99" hits="12" branch="false"/>
            <line number="100" hits="0" branch="false"/>
            <line number="101" hits="15" branch="false"/>
            <line number="103" hits="13" branch="false"/>
            <line number="104" hits="6" branch="false"/>
            <line number="105" hits="6" branch="false"/>
            <line number="106" hits="6" branch="false"/>
            <line number="107" hits="7" branch="false"/>
            <line number="109" hits="13" branch="false"/>
            <line number="110" hits="8" branch="false"/>
            <line number="111" hits="8" branch="false"/>
            <line number="112" hits="7" branch="false"/>
            <line number="113" hits="0" branch="false"/>
            <line number="114" hits="7" branch="false"/>
            <line number="115" hits="7" branch="false"/>
            <line number="116" hits="7" branch="false"/>
            <line number="117" hits="8" branch="false"/>
            <line number="118" hits="8" branch="false"/>
            <line number="119" hits="8" branch="false"/>
            <line number="120" hits="8" branch="false"/>
            <line number="121" hits="13" branch="false"/>
            <line number="122" hits="5" branch="false"/>
            <line number="123" hits="5" branch="false"/>
            <line number="124" hits="2" branch="false"/>
            <line number="125" hits="2" branch="false"/>
            <line number="126" hits="2" branch="false"/>
            <line number="127" hits="5" branch="false"/>
            <line number="128" hits="5" branch="false"/>
            <line number="129" hits="3" branch="false"/>
            <line number="130" hits="3" branch="false"/>
            <line number="131" hits="5" branch="false"/>
            <line number="132" hits="2" branch="false"/>
            <line number="133" hits="5" branch="false"/>
            <line number="134" hits="13" branch="false"/>
            <line number="136" hits="13" branch="false"/>
            <line number="137" hits="7" branch="false"/>
            <line number="138" hits="7" branch="false"/>
            <line number="139" hits="7" branch="false"/>
            <line number="140" hits="7" branch="false"/>
            <line number="141" hits="7" branch="false"/>
            <line number="142" hits="0" branch="false"/>
            <line number="143" hits="7" branch="false"/>
            <line number="144" hits="7" branch="false"/>
            <line number="145" hits="13" branch="false"/>
            <line number="146" hits="6" branch="false"/>
            <line number="147" hits="13" branch="false"/>
            <line number="149" hits="13" branch="false"/>
            <line number="150" hits="1" branch="false"/>
            <line number="151" hits="1" branch="false"/>
            <line number="152" hits="1" branch="false"/>
            <line number="153" hits="1" branch="false"/>
            <line number="154" hits="0" branch="false"/>
            <line number="155" hits="0" branch="false"/>
            <line number="156" hits="0" branch="false"/>
            <line number="157" hits="0" branch="false"/>
            <line number="158" hits="0" branch="false"/>
            <line number="159" hits="0" branch="false"/>
            <line number="160" hits="0" branch="false"/>
            <line number="161" hits="1" branch="false"/>
            <line number="163" hits="1" branch="false"/>
            <line number="164" hits="0" branch="false"/>
            <line number="165" hits="1" branch="false"/>
            <line number="167" hits="1" branch="false"/>
            <line number="169" hits="1" branch="false"/>
            <line number="170" hits="1" branch="false"/>
            <line number="171" hits="1" branch="false"/>
            <line number="172" hits="1" branch="false"/>
            <line number="173" hits="1" branch="false"/>
            <line number="176" hits="13" branch="false"/>
            <line number="177" hits="12" branch="false"/>
            <line number="178" hits="13" branch="false"/>
            <line number="181" hits="13" branch="false"/>
            <line number="182" hits="4" branch="false"/>
            <line number="185" hits="4" branch="false"/>
            <line number="186" hits="4" branch="false"/>
            <line number="194" hits="4" branch="false"/>
            <line number="195" hits="4" branch="false"/>
            <line number="196" hits="4" branch="false"/>
            <line number="197" hits="4" branch="false"/>
            <line number="198" hits="13" branch="false"/>
            <line number="199" hits="9" branch="false"/>
            <line number="200" hits="13" branch="false"/>
            <line number="202" hits="13" branch="false"/>
            <line number="203" hits="4" branch="false"/>
            <line number="204" hits="4" branch="false"/>
            <line number="205" hits="13" branch="false"/>
            <line number="206" hits="9" branch="false"/>
            <line number="207" hits="13" branch="false"/>
            <line number="209" hits="13" branch="false"/>
            <line number="210" hits="0" branch="false"/>
            <line number="211" hits="0" branch="false"/>
            <line number="212" hits="0" branch="false"/>
            <line number="213" hits="0" branch="false"/>
            <line number="214" hits="0" branch="false"/>
            <line number="215" hits="0" branch="false"/>
            <line number="216" hits="0" branch="false"/>
            <line number="217" hits="0" branch="false"/>
            <line number="218" hits="0" branch="false"/>
            <line number="219" hits="0" branch="false"/>
            <line number="220" hits="0" branch="false"/>
            <line number="221" hits="13" branch="false"/>
            <line number="222" hits="13" branch="false"/>
            <line number="224" hits="13" branch="false"/>
            <line number="225" hits="0" branch="false"/>
            <line number="226" hits="0" branch="false"/>
            <line number="227" hits="13" branch="false"/>
            <line number="228" hits="13" branch="false"/>
            <line number="229" hits="13" branch="false"/>
            <line number="232" hits="13" branch="false"/>
            <line number="234" hits="13" branch="false"/>
          </lines>
        </class>
        <class name="cat.pbc.R" filename="R/cat.pbc.R" line-rate="0.829787234042553" branch-rate="0" complexity="0">
          <methods>
            <method name="catPbc" signature="" line-rate="0.829787234042553" branch-rate="0" complexity="0">
              <lines>
                <line number="3" hits="1" branch="false"/>
                <line number="4" hits="1" branch="false"/>
                <line number="5" hits="1" branch="false"/>
                <line number="6" hits="1" branch="false"/>
                <line number="7" hits="1" branch="false"/>
                <line number="10" hits="1" branch="false"/>
                <line number="11" hits="1" branch="false"/>
                <line number="12" hits="1" branch="false"/>
                <line number="13" hits="0" branch="false"/>
                <line number="14" hits="1" branch="false"/>
                <line number="17" hits="1" branch="false"/>
                <line number="18" hits="1" branch="false"/>
                <line number="21" hits="1" branch="false"/>
                <line number="22" hits="1" branch="false"/>
                <line number="23" hits="0" branch="false"/>
                <line number="24" hits="1" branch="false"/>
                <line number="25" hits="1" branch="false"/>
                <line number="26" hits="0" branch="false"/>
                <line number="27" hits="1" branch="false"/>
                <line number="30" hits="1" branch="false"/>
                <line number="31" hits="1" branch="false"/>
                <line number="32" hits="0" branch="false"/>
                <line number="33" hits="1" branch="false"/>
                <line number="34" hits="1" branch="false"/>
                <line number="35" hits="0" branch="false"/>
                <line number="36" hits="1" branch="false"/>
                <line number="37" hits="1" branch="false"/>
                <line number="40" hits="1" branch="false"/>
                <line number="41" hits="1" branch="false"/>
                <line number="44" hits="1" branch="false"/>
                <line number="45" hits="0" branch="false"/>
                <line number="46" hits="1" branch="false"/>
                <line number="47" hits="1" branch="false"/>
                <line number="48" hits="1" branch="false"/>
                <line number="50" hits="1" branch="false"/>
                <line number="51" hits="1" branch="false"/>
                <line number="53" hits="1" branch="false"/>
                <line number="54" hits="0" branch="false"/>
                <line number="55" hits="1" branch="false"/>
                <line number="58" hits="1" branch="false"/>
                <line number="59" hits="0" branch="false"/>
                <line number="60" hits="0" branch="false"/>
                <line number="62" hits="0" branch="false"/>
                <line number="63" hits="1" branch="false"/>
                <line number="65" hits="1" branch="false"/>
                <line number="68" hits="1" branch="false"/>
                <line number="69" hits="1" branch="false"/>
                <line number="70" hits="1" branch="false"/>
                <line number="71" hits="1" branch="false"/>
                <line number="74" hits="1" branch="false"/>
                <line number="75" hits="1" branch="false"/>
                <line number="77" hits="1" branch="false"/>
                <line number="78" hits="1" branch="false"/>
                <line number="79" hits="1" branch="false"/>
                <line number="80" hits="1" branch="false"/>
                <line number="81" hits="1" branch="false"/>
                <line number="82" hits="1" branch="false"/>
                <line number="85" hits="1" branch="false"/>
                <line number="86" hits="1" branch="false"/>
                <line number="87" hits="0" branch="false"/>
                <line number="88" hits="0" branch="false"/>
                <line number="89" hits="0" branch="false"/>
                <line number="90" hits="0" branch="false"/>
                <line number="91" hits="0" branch="false"/>
                <line number="92" hits="1" branch="false"/>
                <line number="93" hits="1" branch="false"/>
                <line number="96" hits="1" branch="false"/>
                <line number="97" hits="1" branch="false"/>
                <line number="98" hits="1" branch="false"/>
                <line number="99" hits="1" branch="false"/>
                <line number="100" hits="1" branch="false"/>
                <line number="101" hits="1" branch="false"/>
                <line number="102" hits="1" branch="false"/>
                <line number="103" hits="1" branch="false"/>
                <line number="104" hits="1" branch="false"/>
                <line number="105" hits="1" branch="false"/>
                <line number="106" hits="1" branch="false"/>
                <line number="108" hits="1" branch="false"/>
                <line number="110" hits="1" branch="false"/>
                <line number="111" hits="1" branch="false"/>
                <line number="112" hits="1" branch="false"/>
                <line number="113" hits="1" branch="false"/>
                <line number="114" hits="1" branch="false"/>
                <line number="115" hits="1" branch="false"/>
                <line number="116" hits="1" branch="false"/>
                <line number="117" hits="1" branch="false"/>
                <line number="118" hits="1" branch="false"/>
                <line number="120" hits="1" branch="false"/>
                <line number="121" hits="1" branch="false"/>
                <line number="123" hits="1" branch="false"/>
                <line number="125" hits="1" branch="false"/>
                <line number="126" hits="0" branch="false"/>
                <line number="127" hits="1" branch="false"/>
                <line number="129" hits="1" branch="false"/>
              </lines>
            </method>
          </methods>
          <lines>
            <line number="3" hits="1" branch="false"/>
            <line number="4" hits="1" branch="false"/>
            <line number="5" hits="1" branch="false"/>
            <line number="6" hits="1" branch="false"/>
            <line number="7" hits="1" branch="false"/>
            <line number="10" hits="1" branch="false"/>
            <line number="11" hits="1" branch="false"/>
            <line number="12" hits="1" branch="false"/>
            <line number="13" hits="0" branch="false"/>
            <line number="14" hits="1" branch="false"/>
            <line number="17" hits="1" branch="false"/>
            <line number="18" hits="1" branch="false"/>
            <line number="21" hits="1" branch="false"/>
            <line number="22" hits="1" branch="false"/>
            <line number="23" hits="0" branch="false"/>
            <line number="24" hits="1" branch="false"/>
            <line number="25" hits="1" branch="false"/>
            <line number="26" hits="0" branch="false"/>
            <line number="27" hits="1" branch="false"/>
            <line number="30" hits="1" branch="false"/>
            <line number="31" hits="1" branch="false"/>
            <line number="32" hits="0" branch="false"/>
            <line number="33" hits="1" branch="false"/>
            <line number="34" hits="1" branch="false"/>
            <line number="35" hits="0" branch="false"/>
            <line number="36" hits="1" branch="false"/>
            <line number="37" hits="1" branch="false"/>
            <line number="40" hits="1" branch="false"/>
            <line number="41" hits="1" branch="false"/>
            <line number="44" hits="1" branch="false"/>
            <line number="45" hits="0" branch="false"/>
            <line number="46" hits="1" branch="false"/>
            <line number="47" hits="1" branch="false"/>
            <line number="48" hits="1" branch="false"/>
            <line number="50" hits="1" branch="false"/>
            <line number="51" hits="1" branch="false"/>
            <line number="53" hits="1" branch="false"/>
            <line number="54" hits="0" branch="false"/>
            <line number="55" hits="1" branch="false"/>
            <line number="58" hits="1" branch="false"/>
            <line number="59" hits="0" branch="false"/>
            <line number="60" hits="0" branch="false"/>
            <line number="62" hits="0" branch="false"/>
            <line number="63" hits="1" branch="false"/>
            <line number="65" hits="1" branch="false"/>
            <line number="68" hits="1" branch="false"/>
            <line number="69" hits="1" branch="false"/>
            <line number="70" hits="1" branch="false"/>
            <line number="71" hits="1" branch="false"/>
            <line number="74" hits="1" branch="false"/>
            <line number="75" hits="1" branch="false"/>
            <line number="77" hits="1" branch="false"/>
            <line number="78" hits="1" branch="false"/>
            <line number="79" hits="1" branch="false"/>
            <line number="80" hits="1" branch="false"/>
            <line number="81" hits="1" branch="false"/>
            <line number="82" hits="1" branch="false"/>
            <line number="85" hits="1" branch="false"/>
            <line number="86" hits="1" branch="false"/>
            <line number="87" hits="0" branch="false"/>
            <line number="88" hits="0" branch="false"/>
            <line number="89" hits="0" branch="false"/>
            <line number="90" hits="0" branch="false"/>
            <line number="91" hits="0" branch="false"/>
            <line number="92" hits="1" branch="false"/>
            <line number="93" hits="1" branch="false"/>
            <line number="96" hits="1" branch="false"/>
            <line number="97" hits="1" branch="false"/>
            <line number="98" hits="1" branch="false"/>
            <line number="99" hits="1" branch="false"/>
            <line number="100" hits="1" branch="false"/>
            <line number="101" hits="1" branch="false"/>
            <line number="102" hits="1" branch="false"/>
            <line number="103" hits="1" branch="false"/>
            <line number="104" hits="1" branch="false"/>
            <line number="105" hits="1" branch="false"/>
            <line number="106" hits="1" branch="false"/>
            <line number="108" hits="1" branch="false"/>
            <line number="110" hits="1" branch="false"/>
            <line number="111" hits="1" branch="false"/>
            <line number="112" hits="1" branch="false"/>
            <line number="113" hits="1" branch="false"/>
            <line number="114" hits="1" branch="false"/>
            <line number="115" hits="1" branch="false"/>
            <line number="116" hits="1" branch="false"/>
            <line number="117" hits="1" branch="false"/>
            <line number="118" hits="1" branch="false"/>
            <line number="120" hits="1" branch="false"/>
            <line number="121" hits="1" branch="false"/>
            <line number="123" hits="1" branch="false"/>
            <line number="125" hits="1" branch="false"/>
            <line number="126" hits="0" branch="false"/>
            <line number="127" hits="1" branch="false"/>
            <line number="129" hits="1" branch="false"/>
          </lines>
        </class>
        <class name="checkData.R" filename="R/checkData.R" line-rate="0.716814159292035" branch-rate="0" complexity="0">
          <methods>
            <method name="checkData" signature="" line-rate="0.888888888888889" branch-rate="0" complexity="0">
              <lines>
                <line number="3" hits="18" branch="false"/>
                <line number="4" hits="18" branch="false"/>
                <line number="5" hits="18" branch="false"/>
                <line number="6" hits="18" branch="false"/>
                <line number="9" hits="18" branch="false"/>
                <line number="11" hits="18" branch="false"/>
                <line number="13" hits="18" branch="false"/>
                <line number="14" hits="0" branch="false"/>
                <line number="15" hits="18" branch="false"/>
                <line number="20" hits="18" branch="false"/>
                <line number="21" hits="0" branch="false"/>
                <line number="22" hits="18" branch="false"/>
                <line number="23" hits="18" branch="false"/>
                <line number="24" hits="18" branch="false"/>
                <line number="26" hits="18" branch="false"/>
                <line number="30" hits="18" branch="false"/>
                <line number="33" hits="18" branch="false"/>
                <line number="36" hits="18" branch="false"/>
              </lines>
            </method>
            <method name="getID" signature="" line-rate="0" branch-rate="0" complexity="0">
              <lines>
                <line number="50" hits="0" branch="false"/>
                <line number="51" hits="0" branch="false"/>
                <line number="54" hits="0" branch="false"/>
                <line number="55" hits="0" branch="false"/>
                <line number="56" hits="0" branch="false"/>
                <line number="59" hits="0" branch="false"/>
                <line number="60" hits="0" branch="false"/>
                <line number="61" hits="0" branch="false"/>
                <line number="65" hits="0" branch="false"/>
              </lines>
            </method>
            <method name="checkID" signature="" line-rate="0.705882352941177" branch-rate="0" complexity="0">
              <lines>
                <line number="75" hits="18" branch="false"/>
                <line number="76" hits="0" branch="false"/>
                <line number="77" hits="18" branch="false"/>
                <line number="78" hits="18" branch="false"/>
                <line number="79" hits="18" branch="false"/>
                <line number="80" hits="0" branch="false"/>
                <line number="81" hits="18" branch="false"/>
                <line number="82" hits="18" branch="false"/>
                <line number="83" hits="18" branch="false"/>
                <line number="84" hits="18" branch="false"/>
                <line number="85" hits="0" branch="false"/>
                <line number="86" hits="0" branch="false"/>
                <line number="87" hits="0" branch="false"/>
                <line number="88" hits="18" branch="false"/>
                <line number="89" hits="18" branch="false"/>
                <line number="90" hits="18" branch="false"/>
                <line number="91" hits="18" branch="false"/>
              </lines>
            </method>
            <method name="checkVars" signature="" line-rate="0.75" branch-rate="0" complexity="0">
              <lines>
                <line number="100" hits="18" branch="false"/>
                <line number="101" hits="0" branch="false"/>
                <line number="102" hits="0" branch="false"/>
                <line number="103" hits="0" branch="false"/>
                <line number="104" hits="18" branch="false"/>
                <line number="105" hits="18" branch="false"/>
                <line number="106" hits="18" branch="false"/>
                <line number="108" hits="18" branch="false"/>
                <line number="109" hits="18" branch="false"/>
                <line number="110" hits="18" branch="false"/>
                <line number="111" hits="18" branch="false"/>
                <line number="112" hits="18" branch="false"/>
              </lines>
            </method>
            <method name="checkMissings" signature="" line-rate="0.758620689655172" branch-rate="0" complexity="0">
              <lines>
                <line number="122" hits="18" branch="false"/>
                <line number="123" hits="18" branch="false"/>
                <line number="125" hits="0" branch="false"/>
                <line number="128" hits="18" branch="false"/>
                <line number="129" hits="0" branch="false"/>
                <line number="133" hits="18" branch="false"/>
                <line number="135" hits="18" branch="false"/>
                <line number="136" hits="18" branch="false"/>
                <line number="139" hits="18" branch="false"/>
                <line number="140" hits="18" branch="false"/>
                <line number="141" hits="18" branch="false"/>
                <line number="142" hits="18" branch="false"/>
                <line number="143" hits="0" branch="false"/>
                <line number="144" hits="0" branch="false"/>
                <line number="145" hits="18" branch="false"/>
                <line number="146" hits="18" branch="false"/>
                <line number="147" hits="18" branch="false"/>
                <line number="150" hits="18" branch="false"/>
                <line number="151" hits="18" branch="false"/>
                <line number="154" hits="18" branch="false"/>
                <line number="155" hits="18" branch="false"/>
                <line number="156" hits="18" branch="false"/>
                <line number="157" hits="0" branch="false"/>
                <line number="158" hits="0" branch="false"/>
                <line number="159" hits="18" branch="false"/>
                <line number="162" hits="18" branch="false"/>
                <line number="163" hits="18" branch="false"/>
                <line number="164" hits="0" branch="false"/>
                <line number="165" hits="18" branch="false"/>
              </lines>
            </method>
            <method name="checkCodes" signature="" line-rate="0.785714285714286" branch-rate="0" complexity="0">
              <lines>
                <line number="174" hits="18" branch="false"/>
                <line number="175" hits="18" branch="false"/>
                <line number="177" hits="0" branch="false"/>
                <line number="180" hits="18" branch="false"/>
                <line number="181" hits="0" branch="false"/>
                <line number="183" hits="18" branch="false"/>
                <line number="185" hits="18" branch="false"/>
                <line number="186" hits="18" branch="false"/>
                <line number="187" hits="18" branch="false"/>
                <line number="188" hits="18" branch="false"/>
                <line number="189" hits="18" branch="false"/>
                <line number="190" hits="18" branch="false"/>
                <line number="191" hits="18" branch="false"/>
                <line number="192" hits="18" branch="false"/>
                <line number="193" hits="0" branch="false"/>
                <line number="195" hits="0" branch="false"/>
                <line number="196" hits="0" branch="false"/>
                <line number="197" hits="18" branch="false"/>
                <line number="198" hits="18" branch="false"/>
                <line number="199" hits="0" branch="false"/>
                <line number="200" hits="18" branch="false"/>
                <line number="201" hits="18" branch="false"/>
                <line number="202" hits="18" branch="false"/>
                <line number="203" hits="18" branch="false"/>
                <line number="204" hits="18" branch="false"/>
                <line number="205" hits="18" branch="false"/>
                <line number="206" hits="18" branch="false"/>
                <line number="207" hits="18" branch="false"/>
              </lines>
            </method>
          </methods>
          <lines>
            <line number="3" hits="18" branch="false"/>
            <line number="4" hits="18" branch="false"/>
            <line number="5" hits="18" branch="false"/>
            <line number="6" hits="18" branch="false"/>
            <line number="9" hits="18" branch="false"/>
            <line number="11" hits="18" branch="false"/>
            <line number="13" hits="18" branch="false"/>
            <line number="14" hits="0" branch="false"/>
            <line number="15" hits="18" branch="false"/>
            <line number="20" hits="18" branch="false"/>
            <line number="21" hits="0" branch="false"/>
            <line number="22" hits="18" branch="false"/>
            <line number="23" hits="18" branch="false"/>
            <line number="24" hits="18" branch="false"/>
            <line number="26" hits="18" branch="false"/>
            <line number="30" hits="18" branch="false"/>
            <line number="33" hits="18" branch="false"/>
            <line number="36" hits="18" branch="false"/>
            <line number="50" hits="0" branch="false"/>
            <line number="51" hits="0" branch="false"/>
            <line number="54" hits="0" branch="false"/>
            <line number="55" hits="0" branch="false"/>
            <line number="56" hits="0" branch="false"/>
            <line number="59" hits="0" branch="false"/>
            <line number="60" hits="0" branch="false"/>
            <line number="61" hits="0" branch="false"/>
            <line number="65" hits="0" branch="false"/>
            <line number="75" hits="18" branch="false"/>
            <line number="76" hits="0" branch="false"/>
            <line number="77" hits="18" branch="false"/>
            <line number="78" hits="18" branch="false"/>
            <line number="79" hits="18" branch="false"/>
            <line number="80" hits="0" branch="false"/>
            <line number="81" hits="18" branch="false"/>
            <line number="82" hits="18" branch="false"/>
            <line number="83" hits="18" branch="false"/>
            <line number="84" hits="18" branch="false"/>
            <line number="85" hits="0" branch="false"/>
            <line number="86" hits="0" branch="false"/>
            <line number="87" hits="0" branch="false"/>
            <line number="88" hits="18" branch="false"/>
            <line number="89" hits="18" branch="false"/>
            <line number="90" hits="18" branch="false"/>
            <line number="91" hits="18" branch="false"/>
            <line number="100" hits="18" branch="false"/>
            <line number="101" hits="0" branch="false"/>
            <line number="102" hits="0" branch="false"/>
            <line number="103" hits="0" branch="false"/>
            <line number="104" hits="18" branch="false"/>
            <line number="105" hits="18" branch="false"/>
            <line number="106" hits="18" branch="false"/>
            <line number="108" hits="18" branch="false"/>
            <line number="109" hits="18" branch="false"/>
            <line number="110" hits="18" branch="false"/>
            <line number="111" hits="18" branch="false"/>
            <line number="112" hits="18" branch="false"/>
            <line number="122" hits="18" branch="false"/>
            <line number="123" hits="18" branch="false"/>
            <line number="125" hits="0" branch="false"/>
            <line number="128" hits="18" branch="false"/>
            <line number="129" hits="0" branch="false"/>
            <line number="133" hits="18" branch="false"/>
            <line number="135" hits="18" branch="false"/>
            <line number="136" hits="18" branch="false"/>
            <line number="139" hits="18" branch="false"/>
            <line number="140" hits="18" branch="false"/>
            <line number="141" hits="18" branch="false"/>
            <line number="142" hits="18" branch="false"/>
            <line number="143" hits="0" branch="false"/>
            <line number="144" hits="0" branch="false"/>
            <line number="145" hits="18" branch="false"/>
            <line number="146" hits="18" branch="false"/>
            <line number="147" hits="18" branch="false"/>
            <line number="150" hits="18" branch="false"/>
            <line number="151" hits="18" branch="false"/>
            <line number="154" hits="18" branch="false"/>
            <line number="155" hits="18" branch="false"/>
            <line number="156" hits="18" branch="false"/>
            <line number="157" hits="0" branch="false"/>
            <line number="158" hits="0" branch="false"/>
            <line number="159" hits="18" branch="false"/>
            <line number="162" hits="18" branch="false"/>
            <line number="163" hits="18" branch="false"/>
            <line number="164" hits="0" branch="false"/>
            <line number="165" hits="18" branch="false"/>
            <line number="174" hits="18" branch="false"/>
            <line number="175" hits="18" branch="false"/>
            <line number="177" hits="0" branch="false"/>
            <line number="180" hits="18" branch="false"/>
            <line number="181" hits="0" branch="false"/>
            <line number="183" hits="18" branch="false"/>
            <line number="185" hits="18" branch="false"/>
            <line number="186" hits="18" branch="false"/>
            <line number="187" hits="18" branch="false"/>
            <line number="188" hits="18" branch="false"/>
            <line number="189" hits="18" branch="false"/>
            <line number="190" hits="18" branch="false"/>
            <line number="191" hits="18" branch="false"/>
            <line number="192" hits="18" branch="false"/>
            <line number="193" hits="0" branch="false"/>
            <line number="195" hits="0" branch="false"/>
            <line number="196" hits="0" branch="false"/>
            <line number="197" hits="18" branch="false"/>
            <line number="198" hits="18" branch="false"/>
            <line number="199" hits="0" branch="false"/>
            <line number="200" hits="18" branch="false"/>
            <line number="201" hits="18" branch="false"/>
            <line number="202" hits="18" branch="false"/>
            <line number="203" hits="18" branch="false"/>
            <line number="204" hits="18" branch="false"/>
            <line number="205" hits="18" branch="false"/>
            <line number="206" hits="18" branch="false"/>
            <line number="207" hits="18" branch="false"/>
          </lines>
        </class>
        <class name="checkDesign.r" filename="R/checkDesign.r" line-rate="0.91219512195122" branch-rate="0" complexity="0">
          <methods>
            <method name="checkDesign" signature="" line-rate="0.91219512195122" branch-rate="0" complexity="0">
              <lines>
                <line number="2" hits="52" branch="false"/>
                <line number="3" hits="52" branch="false"/>
                <line number="4" hits="52" branch="false"/>
                <line number="5" hits="52" branch="false"/>
                <line number="6" hits="52" branch="false"/>
                <line number="8" hits="52" branch="false"/>
                <line number="11" hits="52" branch="false"/>
                <line number="12" hits="4" branch="false"/>
                <line number="13" hits="4" branch="false"/>
                <line number="17" hits="48" branch="false"/>
                <line number="18" hits="48" branch="false"/>
                <line number="19" hits="48" branch="false"/>
                <line number="22" hits="48" branch="false"/>
                <line number="23" hits="44" branch="false"/>
                <line number="24" hits="40" branch="false"/>
                <line number="25" hits="36" branch="false"/>
                <line number="28" hits="28" branch="false"/>
                <line number="29" hits="28" branch="false"/>
                <line number="32" hits="28" branch="false"/>
                <line number="33" hits="28" branch="false"/>
                <line number="36" hits="28" branch="false"/>
                <line number="37" hits="28" branch="false"/>
                <line number="39" hits="28" branch="false"/>
                <line number="41" hits="4" branch="false"/>
                <line number="42" hits="4" branch="false"/>
                <line number="43" hits="4" branch="false"/>
                <line number="44" hits="4" branch="false"/>
                <line number="45" hits="4" branch="false"/>
                <line number="46" hits="4" branch="false"/>
                <line number="48" hits="4" branch="false"/>
                <line number="49" hits="0" branch="false"/>
                <line number="50" hits="0" branch="false"/>
                <line number="51" hits="0" branch="false"/>
                <line number="52" hits="0" branch="false"/>
                <line number="53" hits="0" branch="false"/>
                <line number="54" hits="0" branch="false"/>
                <line number="56" hits="4" branch="false"/>
                <line number="57" hits="4" branch="false"/>
                <line number="58" hits="4" branch="false"/>
                <line number="59" hits="4" branch="false"/>
                <line number="60" hits="4" branch="false"/>
                <line number="66" hits="28" branch="false"/>
                <line number="67" hits="28" branch="false"/>
                <line number="69" hits="28" branch="false"/>
                <line number="71" hits="4" branch="false"/>
                <line number="72" hits="4" branch="false"/>
                <line number="73" hits="4" branch="false"/>
                <line number="74" hits="4" branch="false"/>
                <line number="75" hits="4" branch="false"/>
                <line number="77" hits="4" branch="false"/>
                <line number="79" hits="4" branch="false"/>
                <line number="80" hits="4" branch="false"/>
                <line number="83" hits="4" branch="false"/>
                <line number="84" hits="4" branch="false"/>
                <line number="87" hits="4" branch="false"/>
                <line number="88" hits="4" branch="false"/>
                <line number="89" hits="4" branch="false"/>
                <line number="90" hits="4" branch="false"/>
                <line number="91" hits="4" branch="false"/>
                <line number="94" hits="4" branch="false"/>
                <line number="95" hits="4" branch="false"/>
                <line number="96" hits="4" branch="false"/>
                <line number="97" hits="4" branch="false"/>
                <line number="98" hits="4" branch="false"/>
                <line number="104" hits="28" branch="false"/>
                <line number="105" hits="28" branch="false"/>
                <line number="106" hits="24" branch="false"/>
                <line number="107" hits="24" branch="false"/>
                <line number="109" hits="28" branch="false"/>
                <line number="110" hits="28" branch="false"/>
                <line number="112" hits="28" branch="false"/>
                <line number="113" hits="4" branch="false"/>
                <line number="114" hits="4" branch="false"/>
                <line number="115" hits="4" branch="false"/>
                <line number="116" hits="4" branch="false"/>
                <line number="118" hits="4" branch="false"/>
                <line number="121" hits="28" branch="false"/>
                <line number="122" hits="28" branch="false"/>
                <line number="126" hits="28" branch="false"/>
                <line number="127" hits="28" branch="false"/>
                <line number="128" hits="28" branch="false"/>
                <line number="129" hits="20" branch="false"/>
                <line number="130" hits="16" branch="false"/>
                <line number="131" hits="16" branch="false"/>
                <line number="132" hits="16" branch="false"/>
                <line number="133" hits="16" branch="false"/>
                <line number="134" hits="16" branch="false"/>
                <line number="135" hits="16" branch="false"/>
                <line number="136" hits="16" branch="false"/>
                <line number="138" hits="20" branch="false"/>
                <line number="142" hits="28" branch="false"/>
                <line number="143" hits="28" branch="false"/>
                <line number="144" hits="28" branch="false"/>
                <line number="145" hits="0" branch="false"/>
                <line number="146" hits="0" branch="false"/>
                <line number="147" hits="0" branch="false"/>
                <line number="148" hits="0" branch="false"/>
                <line number="149" hits="0" branch="false"/>
                <line number="150" hits="0" branch="false"/>
                <line number="151" hits="0" branch="false"/>
                <line number="152" hits="0" branch="false"/>
                <line number="154" hits="0" branch="false"/>
                <line number="157" hits="28" branch="false"/>
                <line number="159" hits="28" branch="false"/>
                <line number="162" hits="28" branch="false"/>
                <line number="165" hits="28" branch="false"/>
                <line number="166" hits="28" branch="false"/>
                <line number="167" hits="28" branch="false"/>
                <line number="168" hits="28" branch="false"/>
                <line number="171" hits="28" branch="false"/>
                <line number="174" hits="28" branch="false"/>
                <line number="177" hits="28" branch="false"/>
                <line number="178" hits="0" branch="false"/>
                <line number="179" hits="0" branch="false"/>
                <line number="180" hits="28" branch="false"/>
                <line number="181" hits="28" branch="false"/>
                <line number="182" hits="28" branch="false"/>
                <line number="183" hits="28" branch="false"/>
                <line number="186" hits="28" branch="false"/>
                <line number="187" hits="28" branch="false"/>
                <line number="188" hits="28" branch="false"/>
                <line number="189" hits="28" branch="false"/>
                <line number="190" hits="28" branch="false"/>
                <line number="193" hits="28" branch="false"/>
                <line number="196" hits="28" branch="false"/>
                <line number="197" hits="28" branch="false"/>
                <line number="198" hits="28" branch="false"/>
                <line number="199" hits="28" branch="false"/>
                <line number="200" hits="28" branch="false"/>
                <line number="201" hits="28" branch="false"/>
                <line number="203" hits="28" branch="false"/>
                <line number="204" hits="28" branch="false"/>
                <line number="205" hits="28" branch="false"/>
                <line number="206" hits="28" branch="false"/>
                <line number="208" hits="28" branch="false"/>
                <line number="209" hits="28" branch="false"/>
                <line number="210" hits="28" branch="false"/>
                <line number="211" hits="28" branch="false"/>
                <line number="212" hits="28" branch="false"/>
                <line number="213" hits="28" branch="false"/>
                <line number="214" hits="28" branch="false"/>
                <line number="215" hits="28" branch="false"/>
                <line number="216" hits="28" branch="false"/>
                <line number="217" hits="28" branch="false"/>
                <line number="218" hits="28" branch="false"/>
                <line number="219" hits="28" branch="false"/>
                <line number="220" hits="28" branch="false"/>
                <line number="221" hits="28" branch="false"/>
                <line number="222" hits="28" branch="false"/>
                <line number="225" hits="28" branch="false"/>
                <line number="226" hits="28" branch="false"/>
                <line number="227" hits="28" branch="false"/>
                <line number="230" hits="28" branch="false"/>
                <line number="231" hits="28" branch="false"/>
                <line number="232" hits="28" branch="false"/>
                <line number="233" hits="28" branch="false"/>
                <line number="235" hits="28" branch="false"/>
                <line number="236" hits="28" branch="false"/>
                <line number="239" hits="28" branch="false"/>
                <line number="240" hits="28" branch="false"/>
                <line number="241" hits="28" branch="false"/>
                <line number="243" hits="28" branch="false"/>
                <line number="246" hits="28" branch="false"/>
                <line number="248" hits="28" branch="false"/>
                <line number="250" hits="28" branch="false"/>
                <line number="251" hits="0" branch="false"/>
                <line number="253" hits="28" branch="false"/>
                <line number="254" hits="16" branch="false"/>
                <line number="256" hits="8" branch="false"/>
                <line number="259" hits="8" branch="false"/>
                <line number="261" hits="8" branch="false"/>
                <line number="262" hits="8" branch="false"/>
                <line number="264" hits="8" branch="false"/>
                <line number="265" hits="8" branch="false"/>
                <line number="266" hits="8" branch="false"/>
                <line number="268" hits="8" branch="false"/>
                <line number="270" hits="8" branch="false"/>
                <line number="271" hits="8" branch="false"/>
                <line number="272" hits="8" branch="false"/>
                <line number="273" hits="8" branch="false"/>
                <line number="275" hits="8" branch="false"/>
                <line number="276" hits="8" branch="false"/>
                <line number="277" hits="8" branch="false"/>
                <line number="278" hits="8" branch="false"/>
                <line number="279" hits="8" branch="false"/>
                <line number="281" hits="8" branch="false"/>
                <line number="282" hits="8" branch="false"/>
                <line number="283" hits="8" branch="false"/>
                <line number="284" hits="8" branch="false"/>
                <line number="285" hits="8" branch="false"/>
                <line number="286" hits="8" branch="false"/>
                <line number="287" hits="8" branch="false"/>
                <line number="288" hits="8" branch="false"/>
                <line number="289" hits="8" branch="false"/>
                <line number="290" hits="8" branch="false"/>
                <line number="291" hits="8" branch="false"/>
                <line number="292" hits="8" branch="false"/>
                <line number="293" hits="8" branch="false"/>
                <line number="294" hits="8" branch="false"/>
                <line number="295" hits="8" branch="false"/>
                <line number="296" hits="8" branch="false"/>
                <line number="297" hits="8" branch="false"/>
                <line number="298" hits="8" branch="false"/>
                <line number="299" hits="8" branch="false"/>
                <line number="301" hits="8" branch="false"/>
              </lines>
            </method>
          </methods>
          <lines>
            <line number="2" hits="52" branch="false"/>
            <line number="3" hits="52" branch="false"/>
            <line number="4" hits="52" branch="false"/>
            <line number="5" hits="52" branch="false"/>
            <line number="6" hits="52" branch="false"/>
            <line number="8" hits="52" branch="false"/>
            <line number="11" hits="52" branch="false"/>
            <line number="12" hits="4" branch="false"/>
            <line number="13" hits="4" branch="false"/>
            <line number="17" hits="48" branch="false"/>
            <line number="18" hits="48" branch="false"/>
            <line number="19" hits="48" branch="false"/>
            <line number="22" hits="48" branch="false"/>
            <line number="23" hits="44" branch="false"/>
            <line number="24" hits="40" branch="false"/>
            <line number="25" hits="36" branch="false"/>
            <line number="28" hits="28" branch="false"/>
            <line number="29" hits="28" branch="false"/>
            <line number="32" hits="28" branch="false"/>
            <line number="33" hits="28" branch="false"/>
            <line number="36" hits="28" branch="false"/>
            <line number="37" hits="28" branch="false"/>
            <line number="39" hits="28" branch="false"/>
            <line number="41" hits="4" branch="false"/>
            <line number="42" hits="4" branch="false"/>
            <line number="43" hits="4" branch="false"/>
            <line number="44" hits="4" branch="false"/>
            <line number="45" hits="4" branch="false"/>
            <line number="46" hits="4" branch="false"/>
            <line number="48" hits="4" branch="false"/>
            <line number="49" hits="0" branch="false"/>
            <line number="50" hits="0" branch="false"/>
            <line number="51" hits="0" branch="false"/>
            <line number="52" hits="0" branch="false"/>
            <line number="53" hits="0" branch="false"/>
            <line number="54" hits="0" branch="false"/>
            <line number="56" hits="4" branch="false"/>
            <line number="57" hits="4" branch="false"/>
            <line number="58" hits="4" branch="false"/>
            <line number="59" hits="4" branch="false"/>
            <line number="60" hits="4" branch="false"/>
            <line number="66" hits="28" branch="false"/>
            <line number="67" hits="28" branch="false"/>
            <line number="69" hits="28" branch="false"/>
            <line number="71" hits="4" branch="false"/>
            <line number="72" hits="4" branch="false"/>
            <line number="73" hits="4" branch="false"/>
            <line number="74" hits="4" branch="false"/>
            <line number="75" hits="4" branch="false"/>
            <line number="77" hits="4" branch="false"/>
            <line number="79" hits="4" branch="false"/>
            <line number="80" hits="4" branch="false"/>
            <line number="83" hits="4" branch="false"/>
[...]
            <line number="187" hits="0" branch="false"/>
            <line number="188" hits="0" branch="false"/>
            <line number="189" hits="0" branch="false"/>
            <line number="190" hits="0" branch="false"/>
            <line number="191" hits="0" branch="false"/>
            <line number="192" hits="0" branch="false"/>
            <line number="193" hits="0" branch="false"/>
            <line number="194" hits="0" branch="false"/>
            <line number="195" hits="0" branch="false"/>
            <line number="196" hits="0" branch="false"/>
            <line number="197" hits="0" branch="false"/>
            <line number="198" hits="0" branch="false"/>
            <line number="200" hits="0" branch="false"/>
            <line number="202" hits="0" branch="false"/>
            <line number="204" hits="0" branch="false"/>
            <line number="205" hits="0" branch="false"/>
            <line number="207" hits="0" branch="false"/>
            <line number="208" hits="0" branch="false"/>
            <line number="209" hits="0" branch="false"/>
            <line number="210" hits="0" branch="false"/>
            <line number="212" hits="0" branch="false"/>
            <line number="213" hits="0" branch="false"/>
            <line number="214" hits="0" branch="false"/>
            <line number="215" hits="0" branch="false"/>
            <line number="217" hits="0" branch="false"/>
            <line number="218" hits="0" branch="false"/>
            <line number="219" hits="0" branch="false"/>
            <line number="220" hits="0" branch="false"/>
            <line number="221" hits="0" branch="false"/>
            <line number="222" hits="0" branch="false"/>
            <line number="223" hits="0" branch="false"/>
            <line number="224" hits="0" branch="false"/>
            <line number="225" hits="0" branch="false"/>
            <line number="228" hits="0" branch="false"/>
            <line number="230" hits="0" branch="false"/>
            <line number="231" hits="0" branch="false"/>
            <line number="236" hits="0" branch="false"/>
            <line number="237" hits="0" branch="false"/>
            <line number="238" hits="0" branch="false"/>
            <line number="239" hits="0" branch="false"/>
            <line number="240" hits="0" branch="false"/>
            <line number="242" hits="0" branch="false"/>
            <line number="243" hits="0" branch="false"/>
            <line number="244" hits="0" branch="false"/>
            <line number="245" hits="0" branch="false"/>
            <line number="246" hits="0" branch="false"/>
            <line number="247" hits="0" branch="false"/>
            <line number="248" hits="0" branch="false"/>
            <line number="249" hits="0" branch="false"/>
            <line number="251" hits="0" branch="false"/>
            <line number="252" hits="0" branch="false"/>
            <line number="253" hits="0" branch="false"/>
            <line number="254" hits="0" branch="false"/>
            <line number="256" hits="0" branch="false"/>
            <line number="257" hits="0" branch="false"/>
            <line number="258" hits="0" branch="false"/>
            <line number="259" hits="0" branch="false"/>
            <line number="260" hits="0" branch="false"/>
            <line number="261" hits="0" branch="false"/>
            <line number="262" hits="0" branch="false"/>
            <line number="263" hits="0" branch="false"/>
            <line number="264" hits="0" branch="false"/>
            <line number="265" hits="0" branch="false"/>
            <line number="266" hits="0" branch="false"/>
            <line number="267" hits="0" branch="false"/>
            <line number="268" hits="0" branch="false"/>
            <line number="269" hits="0" branch="false"/>
            <line number="270" hits="0" branch="false"/>
            <line number="271" hits="0" branch="false"/>
            <line number="272" hits="0" branch="false"/>
            <line number="273" hits="0" branch="false"/>
            <line number="274" hits="0" branch="false"/>
            <line number="275" hits="0" branch="false"/>
            <line number="276" hits="0" branch="false"/>
            <line number="277" hits="0" branch="false"/>
            <line number="278" hits="0" branch="false"/>
            <line number="279" hits="0" branch="false"/>
            <line number="280" hits="0" branch="false"/>
            <line number="281" hits="0" branch="false"/>
            <line number="282" hits="0" branch="false"/>
            <line number="283" hits="0" branch="false"/>
            <line number="284" hits="0" branch="false"/>
            <line number="285" hits="0" branch="false"/>
            <line number="286" hits="0" branch="false"/>
            <line number="287" hits="0" branch="false"/>
            <line number="288" hits="0" branch="false"/>
            <line number="290" hits="0" branch="false"/>
            <line number="291" hits="0" branch="false"/>
            <line number="292" hits="0" branch="false"/>
            <line number="293" hits="0" branch="false"/>
            <line number="294" hits="0" branch="false"/>
            <line number="295" hits="0" branch="false"/>
            <line number="296" hits="0" branch="false"/>
            <line number="297" hits="0" branch="false"/>
            <line number="298" hits="0" branch="false"/>
            <line number="300" hits="0" branch="false"/>
            <line number="301" hits="0" branch="false"/>
            <line number="303" hits="0" branch="false"/>
            <line number="304" hits="0" branch="false"/>
            <line number="305" hits="0" branch="false"/>
            <line number="306" hits="0" branch="false"/>
            <line number="307" hits="0" branch="false"/>
            <line number="308" hits="0" branch="false"/>
            <line number="309" hits="0" branch="false"/>
            <line number="310" hits="0" branch="false"/>
            <line number="311" hits="0" branch="false"/>
            <line number="312" hits="0" branch="false"/>
            <line number="313" hits="0" branch="false"/>
            <line number="314" hits="0" branch="false"/>
            <line number="315" hits="0" branch="false"/>
            <line number="316" hits="0" branch="false"/>
            <line number="317" hits="0" branch="false"/>
            <line number="319" hits="0" branch="false"/>
            <line number="320" hits="0" branch="false"/>
            <line number="321" hits="0" branch="false"/>
            <line number="323" hits="0" branch="false"/>
            <line number="324" hits="0" branch="false"/>
            <line number="325" hits="0" branch="false"/>
            <line number="326" hits="0" branch="false"/>
            <line number="327" hits="0" branch="false"/>
            <line number="328" hits="0" branch="false"/>
            <line number="330" hits="0" branch="false"/>
            <line number="331" hits="0" branch="false"/>
            <line number="332" hits="0" branch="false"/>
            <line number="333" hits="0" branch="false"/>
            <line number="334" hits="0" branch="false"/>
            <line number="335" hits="0" branch="false"/>
            <line number="336" hits="0" branch="false"/>
            <line number="337" hits="0" branch="false"/>
            <line number="338" hits="0" branch="false"/>
            <line number="339" hits="0" branch="false"/>
            <line number="340" hits="0" branch="false"/>
            <line number="341" hits="0" branch="false"/>
            <line number="344" hits="0" branch="false"/>
            <line number="345" hits="0" branch="false"/>
            <line number="346" hits="0" branch="false"/>
            <line number="352" hits="0" branch="false"/>
            <line number="353" hits="0" branch="false"/>
            <line number="355" hits="0" branch="false"/>
            <line number="356" hits="0" branch="false"/>
            <line number="357" hits="0" branch="false"/>
            <line number="358" hits="0" branch="false"/>
            <line number="359" hits="0" branch="false"/>
            <line number="360" hits="0" branch="false"/>
            <line number="361" hits="0" branch="false"/>
            <line number="362" hits="0" branch="false"/>
            <line number="363" hits="0" branch="false"/>
            <line number="364" hits="0" branch="false"/>
          </lines>
        </class>
        <class name="writeSpss.R" filename="R/writeSpss.R" line-rate="0" branch-rate="0" complexity="0">
          <methods>
            <method name="autoQuote" signature="" line-rate="0" branch-rate="0" complexity="0">
              <lines>
                <line number="6" hits="0" branch="false"/>
              </lines>
            </method>
            <method name="writeSpss" signature="" line-rate="0" branch-rate="0" complexity="0">
              <lines>
                <line number="12" hits="0" branch="false"/>
                <line number="13" hits="0" branch="false"/>
                <line number="14" hits="0" branch="false"/>
                <line number="15" hits="0" branch="false"/>
                <line number="16" hits="0" branch="false"/>
                <line number="18" hits="0" branch="false"/>
                <line number="20" hits="0" branch="false"/>
                <line number="23" hits="0" branch="false"/>
                <line number="25" hits="0" branch="false"/>
                <line number="26" hits="0" branch="false"/>
                <line number="29" hits="0" branch="false"/>
                <line number="30" hits="0" branch="false"/>
                <line number="31" hits="0" branch="false"/>
                <line number="35" hits="0" branch="false"/>
                <line number="37" hits="0" branch="false"/>
                <line number="38" hits="0" branch="false"/>
                <line number="39" hits="0" branch="false"/>
                <line number="40" hits="0" branch="false"/>
                <line number="41" hits="0" branch="false"/>
                <line number="42" hits="0" branch="false"/>
              </lines>
            </method>
            <method name="zkdWriteForeignSPSS" signature="" line-rate="0" branch-rate="0" complexity="0">
              <lines>
                <line number="52" hits="0" branch="false"/>
                <line number="55" hits="0" branch="false"/>
                <line number="56" hits="0" branch="false"/>
                <line number="59" hits="0" branch="false"/>
                <line number="60" hits="0" branch="false"/>
                <line number="61" hits="0" branch="false"/>
                <line number="64" hits="0" branch="false"/>
                <line number="65" hits="0" branch="false"/>
                <line number="66" hits="0" branch="false"/>
                <line number="67" hits="0" branch="false"/>
                <line number="68" hits="0" branch="false"/>
                <line number="69" hits="0" branch="false"/>
                <line number="70" hits="0" branch="false"/>
                <line number="71" hits="0" branch="false"/>
                <line number="73" hits="0" branch="false"/>
                <line number="76" hits="0" branch="false"/>
                <line number="77" hits="0" branch="false"/>
                <line number="79" hits="0" branch="false"/>
                <line number="82" hits="0" branch="false"/>
                <line number="83" hits="0" branch="false"/>
                <line number="84" hits="0" branch="false"/>
                <line number="85" hits="0" branch="false"/>
                <line number="86" hits="0" branch="false"/>
                <line number="87" hits="0" branch="false"/>
                <line number="88" hits="0" branch="false"/>
                <line number="91" hits="0" branch="false"/>
                <line number="92" hits="0" branch="false"/>
                <line number="93" hits="0" branch="false"/>
                <line number="94" hits="0" branch="false"/>
                <line number="95" hits="0" branch="false"/>
                <line number="96" hits="0" branch="false"/>
                <line number="97" hits="0" branch="false"/>
                <line number="100" hits="0" branch="false"/>
                <line number="101" hits="0" branch="false"/>
                <line number="103" hits="0" branch="false"/>
                <line number="104" hits="0" branch="false"/>
                <line number="106" hits="0" branch="false"/>
                <line number="109" hits="0" branch="false"/>
                <line number="110" hits="0" branch="false"/>
                <line number="112" hits="0" branch="false"/>
                <line number="115" hits="0" branch="false"/>
                <line number="116" hits="0" branch="false"/>
                <line number="117" hits="0" branch="false"/>
                <line number="118" hits="0" branch="false"/>
                <line number="119" hits="0" branch="false"/>
                <line number="120" hits="0" branch="false"/>
                <line number="121" hits="0" branch="false"/>
                <line number="122" hits="0" branch="false"/>
                <line number="123" hits="0" branch="false"/>
                <line number="124" hits="0" branch="false"/>
                <line number="125" hits="0" branch="false"/>
                <line number="128" hits="0" branch="false"/>
                <line number="129" hits="0" branch="false"/>
                <line number="130" hits="0" branch="false"/>
                <line number="132" hits="0" branch="false"/>
                <line number="134" hits="0" branch="false"/>
                <line number="135" hits="0" branch="false"/>
                <line number="137" hits="0" branch="false"/>
                <line number="139" hits="0" branch="false"/>
                <line number="140" hits="0" branch="false"/>
                <line number="141" hits="0" branch="false"/>
                <line number="142" hits="0" branch="false"/>
                <line number="143" hits="0" branch="false"/>
                <line number="144" hits="0" branch="false"/>
                <line number="145" hits="0" branch="false"/>
                <line number="146" hits="0" branch="false"/>
                <line number="148" hits="0" branch="false"/>
                <line number="149" hits="0" branch="false"/>
                <line number="150" hits="0" branch="false"/>
                <line number="152" hits="0" branch="false"/>
                <line number="154" hits="0" branch="false"/>
              </lines>
            </method>
          </methods>
          <lines>
            <line number="6" hits="0" branch="false"/>
            <line number="12" hits="0" branch="false"/>
            <line number="13" hits="0" branch="false"/>
            <line number="14" hits="0" branch="false"/>
            <line number="15" hits="0" branch="false"/>
            <line number="16" hits="0" branch="false"/>
            <line number="18" hits="0" branch="false"/>
            <line number="20" hits="0" branch="false"/>
            <line number="23" hits="0" branch="false"/>
            <line number="25" hits="0" branch="false"/>
            <line number="26" hits="0" branch="false"/>
            <line number="29" hits="0" branch="false"/>
            <line number="30" hits="0" branch="false"/>
            <line number="31" hits="0" branch="false"/>
            <line number="35" hits="0" branch="false"/>
            <line number="37" hits="0" branch="false"/>
            <line number="38" hits="0" branch="false"/>
            <line number="39" hits="0" branch="false"/>
            <line number="40" hits="0" branch="false"/>
            <line number="41" hits="0" branch="false"/>
            <line number="42" hits="0" branch="false"/>
            <line number="52" hits="0" branch="false"/>
            <line number="55" hits="0" branch="false"/>
            <line number="56" hits="0" branch="false"/>
            <line number="59" hits="0" branch="false"/>
            <line number="60" hits="0" branch="false"/>
            <line number="61" hits="0" branch="false"/>
            <line number="64" hits="0" branch="false"/>
            <line number="65" hits="0" branch="false"/>
            <line number="66" hits="0" branch="false"/>
            <line number="67" hits="0" branch="false"/>
            <line number="68" hits="0" branch="false"/>
            <line number="69" hits="0" branch="false"/>
            <line number="70" hits="0" branch="false"/>
            <line number="71" hits="0" branch="false"/>
            <line number="73" hits="0" branch="false"/>
            <line number="76" hits="0" branch="false"/>
            <line number="77" hits="0" branch="false"/>
            <line number="79" hits="0" branch="false"/>
            <line number="82" hits="0" branch="false"/>
            <line number="83" hits="0" branch="false"/>
            <line number="84" hits="0" branch="false"/>
            <line number="85" hits="0" branch="false"/>
            <line number="86" hits="0" branch="false"/>
            <line number="87" hits="0" branch="false"/>
            <line number="88" hits="0" branch="false"/>
            <line number="91" hits="0" branch="false"/>
            <line number="92" hits="0" branch="false"/>
            <line number="93" hits="0" branch="false"/>
            <line number="94" hits="0" branch="false"/>
            <line number="95" hits="0" branch="false"/>
            <line number="96" hits="0" branch="false"/>
            <line number="97" hits="0" branch="false"/>
            <line number="100" hits="0" branch="false"/>
            <line number="101" hits="0" branch="false"/>
            <line number="103" hits="0" branch="false"/>
            <line number="104" hits="0" branch="false"/>
            <line number="106" hits="0" branch="false"/>
            <line number="109" hits="0" branch="false"/>
            <line number="110" hits="0" branch="false"/>
            <line number="112" hits="0" branch="false"/>
            <line number="115" hits="0" branch="false"/>
            <line number="116" hits="0" branch="false"/>
            <line number="117" hits="0" branch="false"/>
            <line number="118" hits="0" branch="false"/>
            <line number="119" hits="0" branch="false"/>
            <line number="120" hits="0" branch="false"/>
            <line number="121" hits="0" branch="false"/>
            <line number="122" hits="0" branch="false"/>
            <line number="123" hits="0" branch="false"/>
            <line number="124" hits="0" branch="false"/>
            <line number="125" hits="0" branch="false"/>
            <line number="128" hits="0" branch="false"/>
            <line number="129" hits="0" branch="false"/>
            <line number="130" hits="0" branch="false"/>
            <line number="132" hits="0" branch="false"/>
            <line number="134" hits="0" branch="false"/>
            <line number="135" hits="0" branch="false"/>
            <line number="137" hits="0" branch="false"/>
            <line number="139" hits="0" branch="false"/>
            <line number="140" hits="0" branch="false"/>
            <line number="141" hits="0" branch="false"/>
            <line number="142" hits="0" branch="false"/>
            <line number="143" hits="0" branch="false"/>
            <line number="144" hits="0" branch="false"/>
            <line number="145" hits="0" branch="false"/>
            <line number="146" hits="0" branch="false"/>
            <line number="148" hits="0" branch="false"/>
            <line number="149" hits="0" branch="false"/>
            <line number="150" hits="0" branch="false"/>
            <line number="152" hits="0" branch="false"/>
            <line number="154" hits="0" branch="false"/>
          </lines>
        </class>
      </classes>
    </package>
  </packages>
</coverage>
